c:\users\jhwng\onedrive\바탕 화면\181130\181130\v_ball_x\v_ball_x\x64\release\v_ball_x.pch
c:\users\jhwng\onedrive\바탕 화면\181130\181130\v_ball_x\v_ball_x\x64\release\vc141.pdb
c:\users\jhwng\onedrive\바탕 화면\181130\181130\v_ball_x\v_ball_x\x64\release\stdafx.obj
c:\users\jhwng\onedrive\바탕 화면\181130\181130\v_ball_x\v_ball_x\x64\release\v_ball_xview.obj
c:\users\jhwng\onedrive\바탕 화면\181130\181130\v_ball_x\v_ball_x\x64\release\v_ball_xdoc.obj
c:\users\jhwng\onedrive\바탕 화면\181130\181130\v_ball_x\v_ball_x\x64\release\v_ball_x.obj
c:\users\jhwng\onedrive\바탕 화면\181130\181130\v_ball_x\v_ball_x\x64\release\mainfrm.obj
c:\users\jhwng\onedrive\바탕 화면\181130\181130\v_ball_x\x64\release\v_ball_x.exe
c:\users\jhwng\onedrive\바탕 화면\181130\181130\v_ball_x\x64\release\v_ball_x.pdb
c:\users\jhwng\onedrive\바탕 화면\181130\181130\v_ball_x\v_ball_x\x64\release\vballx.res
c:\users\jhwng\onedrive\바탕 화면\181130\181130\v_ball_x\x64\release\v_ball_x.ipdb
c:\users\jhwng\onedrive\바탕 화면\181130\181130\v_ball_x\x64\release\v_ball_x.iobj
c:\users\jhwng\onedrive\바탕 화면\181130\181130\v_ball_x\v_ball_x\x64\release\v_ball_x.tlog\cl.command.1.tlog
c:\users\jhwng\onedrive\바탕 화면\181130\181130\v_ball_x\v_ball_x\x64\release\v_ball_x.tlog\cl.read.1.tlog
c:\users\jhwng\onedrive\바탕 화면\181130\181130\v_ball_x\v_ball_x\x64\release\v_ball_x.tlog\cl.write.1.tlog
c:\users\jhwng\onedrive\바탕 화면\181130\181130\v_ball_x\v_ball_x\x64\release\v_ball_x.tlog\link.command.1.tlog
c:\users\jhwng\onedrive\바탕 화면\181130\181130\v_ball_x\v_ball_x\x64\release\v_ball_x.tlog\link.read.1.tlog
c:\users\jhwng\onedrive\바탕 화면\181130\181130\v_ball_x\v_ball_x\x64\release\v_ball_x.tlog\link.write.1.tlog
c:\users\jhwng\onedrive\바탕 화면\181130\181130\v_ball_x\v_ball_x\x64\release\v_ball_x.tlog\rc.command.1.tlog
c:\users\jhwng\onedrive\바탕 화면\181130\181130\v_ball_x\v_ball_x\x64\release\v_ball_x.tlog\rc.read.1.tlog
c:\users\jhwng\onedrive\바탕 화면\181130\181130\v_ball_x\v_ball_x\x64\release\v_ball_x.tlog\rc.write.1.tlog
c:\users\jhwng\onedrive\바탕 화면\181130\181130\v_ball_x\v_ball_x\x64\release\v_ball_x.tlog\v_ball_x.write.1u.tlog
